Using keyring backend: keyring
{
  "id": "19cde96a32ac062e",
  "labelIds": [
    "UNREAD",
    "SENT",
    "INBOX"
  ],
  "threadId": "19cde96a32ac062e"
}
Using keyring backend: keyring
{
  "id": "19cde98d1e2984cf",
  "labelIds": [
    "UNREAD",
    "SENT",
    "INBOX"
  ],
  "threadId": "19cde98d1e2984cf"
}
Using keyring backend: keyring
{
  "id": "19cdeabf589b6c6f",
  "labelIds": [
    "UNREAD",
    "SENT",
    "INBOX"
  ],
  "threadId": "19cdeabf589b6c6f"
}
Using keyring backend: keyring
{
  "id": "19cdeb6ef62e2ec7",
  "labelIds": [
    "UNREAD",
    "SENT",
    "INBOX"
  ],
  "threadId": "19cdeb6ef62e2ec7"
}
