[2026-03-10 16:52:25] [INFO] Checking dependencies...
[2026-03-10 16:52:25] [INFO] All dependencies satisfied.
[2026-03-10 16:52:25] [INFO] Loading configuration from /Users/simongonzalezdecruz/.config/gws-agent/config.sh...
[2026-03-10 16:52:25] [INFO] Configuration loaded successfully.
[2026-03-10 16:52:25] [INFO] Verifying gws authentication...
[2026-03-10 16:52:26] [INFO] Authentication verified.
[2026-03-10 16:52:26] [INFO] Fetching unread emails from Gmail...
[2026-03-10 16:52:27] [INFO] Processing and categorizing emails...
[2026-03-10 16:52:27] [INFO] Processed 0 emails
[2026-03-10 16:52:27] [INFO] Generating triage report...
[2026-03-10 16:52:27] [INFO] Triage report saved to: /Users/simongonzalezdecruz/Desktop/Interpreted-Context-Methdology/workspaces/output/triage-report-20260310-1652.md
[2026-03-10 16:52:27] [INFO] Generating extraction candidates...
[2026-03-10 16:52:27] [INFO] Extraction candidates saved to: /Users/simongonzalezdecruz/Desktop/Interpreted-Context-Methdology/workspaces/output/extraction-candidates.json
[2026-03-10 16:52:27] [INFO] Found 1 candidates for extraction.
[2026-03-10 16:52:27] [INFO] 
[2026-03-10 16:52:27] [INFO] ==========================================
[2026-03-10 16:52:27] [INFO] Triage Complete
[2026-03-10 16:52:27] [INFO] ==========================================
[2026-03-10 16:52:27] [INFO] Report: /Users/simongonzalezdecruz/Desktop/Interpreted-Context-Methdology/workspaces/output/triage-report-20260310-1652.md
[2026-03-10 16:52:27] [INFO] Candidates: /Users/simongonzalezdecruz/Desktop/Interpreted-Context-Methdology/workspaces/output/extraction-candidates.json
[2026-03-10 16:52:27] [INFO] Log: /Users/simongonzalezdecruz/Desktop/Interpreted-Context-Methdology/workspaces/output/triage-20260310-1652.log
